#
# There is insufficient memory for the Java Runtime Environment to continue.
# Native memory allocation (malloc) failed to allocate 32744 bytes for ChunkPool::allocate
# Possible reasons:
#   The system is out of physical RAM or swap space
#   The process is running with CompressedOops enabled, and the Java Heap may be blocking the growth of the native heap
# Possible solutions:
#   Reduce memory load on the system
#   Increase physical memory or swap space
#   Check if swap backing store is full
#   Decrease Java heap size (-Xmx/-Xms)
#   Decrease number of Java threads
#   Decrease Java thread stack sizes (-Xss)
#   Set larger code cache with -XX:ReservedCodeCacheSize=
#   JVM is running with Unscaled Compressed Oops mode in which the Java heap is
#     placed in the first 4GB address space. The Java Heap base address is the
#     maximum limit for the native heap growth. Please use -XX:HeapBaseMinAddress
#     to set the Java Heap base and to place the Java Heap above 4GB virtual address.
# This output file may be truncated or incomplete.
#
#  Out of Memory Error (allocation.cpp:272), pid=6864, tid=0x0000000000004dbc
#
# JRE version: Java(TM) SE Runtime Environment (8.0_251-b08) (build 1.8.0_251-b08)
# Java VM: Java HotSpot(TM) 64-Bit Server VM (25.251-b08 mixed mode windows-amd64 compressed oops)
# Failed to write core dump. Minidumps are not enabled by default on client versions of Windows
#

---------------  T H R E A D  ---------------

Current thread (0x00000000034d2000):  JavaThread "main" [_thread_in_vm, id=19900, stack(0x00000000033d0000,0x00000000034d0000)]

Stack: [0x00000000033d0000,0x00000000034d0000]
[error occurred during error reporting (printing stack bounds), id 0xc0000005]

Native frames: (J=compiled Java code, j=interpreted, Vv=VM code, C=native code)

Java frames: (J=compiled Java code, j=interpreted, Vv=VM code)
J 747  java.lang.Throwable.fillInStackTrace(I)Ljava/lang/Throwable; (0 bytes) @ 0x0000000003943b7b [0x0000000003943b40+0x3b]
J 672 C1 java.lang.Throwable.fillInStackTrace()Ljava/lang/Throwable; (29 bytes) @ 0x000000000391f9a4 [0x000000000391f880+0x124]
J 1079 C1 java.lang.Throwable.<init>(Ljava/lang/String;Ljava/lang/Throwable;)V (39 bytes) @ 0x00000000039d36a4 [0x00000000039d3600+0xa4]
J 818 C1 java.lang.ClassNotFoundException.<init>(Ljava/lang/String;)V (7 bytes) @ 0x000000000396521c [0x00000000039651e0+0x3c]
J 719 C1 java.net.URLClassLoader.findClass(Ljava/lang/String;)Ljava/lang/Class; (47 bytes) @ 0x0000000003937b94 [0x0000000003937a40+0x154]
J 539 C1 java.lang.ClassLoader.loadClass(Ljava/lang/String;Z)Ljava/lang/Class; (122 bytes) @ 0x00000000038edb64 [0x00000000038ed860+0x304]
J 688 C1 sun.misc.Launcher$AppClassLoader.loadClass(Ljava/lang/String;Z)Ljava/lang/Class; (85 bytes) @ 0x0000000003924d04 [0x0000000003924a20+0x2e4]
J 651 C1 java.lang.ClassLoader.loadClass(Ljava/lang/String;)Ljava/lang/Class; (7 bytes) @ 0x0000000003917de4 [0x0000000003917da0+0x44]
v  ~StubRoutines::call_stub
J 764  java.lang.Class.forName0(Ljava/lang/String;ZLjava/lang/ClassLoader;Ljava/lang/Class;)Ljava/lang/Class; (0 bytes) @ 0x000000000394e7c7 [0x000000000394e740+0x87]
J 1583 C1 java.lang.Class.forName(Ljava/lang/String;)Ljava/lang/Class; (15 bytes) @ 0x0000000003a83514 [0x0000000003a834c0+0x54]
j  org.apache.logging.log4j.util.LoaderUtil.loadClass(Ljava/lang/String;)Ljava/lang/Class;+21
j  org.apache.logging.slf4j.Log4jLogger.createConverter()Lorg/apache/logging/slf4j/EventDataConverter;+2
j  org.apache.logging.slf4j.Log4jLogger.<init>(Lorg/apache/logging/log4j/spi/ExtendedLogger;Ljava/lang/String;)V+25
j  org.apache.logging.slf4j.Log4jLoggerFactory.newLogger(Ljava/lang/String;Lorg/apache/logging/log4j/spi/LoggerContext;)Lorg/slf4j/Logger;+32
j  org.apache.logging.slf4j.Log4jLoggerFactory.newLogger(Ljava/lang/String;Lorg/apache/logging/log4j/spi/LoggerContext;)Ljava/lang/Object;+3
j  org.apache.logging.log4j.spi.AbstractLoggerAdapter.getLogger(Ljava/lang/String;)Ljava/lang/Object;+33
j  org.apache.logging.slf4j.Log4jLoggerFactory.getLogger(Ljava/lang/String;)Lorg/slf4j/Logger;+2
j  org.slf4j.LoggerFactory.getLogger(Ljava/lang/String;)Lorg/slf4j/Logger;+6
j  org.slf4j.LoggerFactory.getLogger(Ljava/lang/Class;)Lorg/slf4j/Logger;+4
j  springfox.documentation.schema.CachingModelProvider.<clinit>()V+3
v  ~StubRoutines::call_stub
J 1008  sun.reflect.NativeConstructorAccessorImpl.newInstance0(Ljava/lang/reflect/Constructor;[Ljava/lang/Object;)Ljava/lang/Object; (0 bytes) @ 0x00000000039af326 [0x00000000039af2c0+0x66]
J 1007 C1 sun.reflect.NativeConstructorAccessorImpl.newInstance([Ljava/lang/Object;)Ljava/lang/Object; (89 bytes) @ 0x00000000039afa2c [0x00000000039af6e0+0x34c]
J 938 C1 sun.reflect.DelegatingConstructorAccessorImpl.newInstance([Ljava/lang/Object;)Ljava/lang/Object; (9 bytes) @ 0x0000000003999624 [0x00000000039995e0+0x44]
J 968 C1 java.lang.reflect.Constructor.newInstance([Ljava/lang/Object;)Ljava/lang/Object; (87 bytes) @ 0x00000000039a0a5c [0x00000000039a0940+0x11c]
J 2472 C1 org.springframework.beans.BeanUtils.instantiateClass(Ljava/lang/reflect/Constructor;[Ljava/lang/Object;)Ljava/lang/Object; (187 bytes) @ 0x0000000003bedd94 [0x0000000003bedaa0+0x2f4]
j  org.springframework.beans.factory.support.SimpleInstantiationStrategy.instantiate(Lorg/springframework/beans/factory/support/RootBeanDefinition;Ljava/lang/String;Lorg/springframework/beans/factory/BeanFactory;Ljava/lang/reflect/Constructor;[Ljava/lang/Object;)Ljava/lang/Object;+28
j  org.springframework.beans.factory.support.ConstructorResolver.instantiate(Ljava/lang/String;Lorg/springframework/beans/factory/support/RootBeanDefinition;Ljava/lang/reflect/Constructor;[Ljava/lang/Object;)Ljava/lang/Object;+50
j  org.springframework.beans.factory.support.ConstructorResolver.autowireConstructor(Ljava/lang/String;Lorg/springframework/beans/factory/support/RootBeanDefinition;[Ljava/lang/reflect/Constructor;[Ljava/lang/Object;)Lorg/springframework/beans/BeanWrapper;+948
j  org.springframework.beans.factory.support.AbstractAutowireCapableBeanFactory.autowireConstructor(Ljava/lang/String;Lorg/springframework/beans/factory/support/RootBeanDefinition;[Ljava/lang/reflect/Constructor;[Ljava/lang/Object;)Lorg/springframework/beans/BeanWrapper;+13
j  org.springframework.beans.factory.support.AbstractAutowireCapableBeanFactory.createBeanInstance(Ljava/lang/String;Lorg/springframework/beans/factory/support/RootBeanDefinition;[Ljava/lang/Object;)Lorg/springframework/beans/BeanWrapper;+221
j  org.springframework.beans.factory.support.AbstractAutowireCapableBeanFactory.doCreateBean(Ljava/lang/String;Lorg/springframework/beans/factory/support/RootBeanDefinition;[Ljava/lang/Object;)Ljava/lang/Object;+34
j  org.springframework.beans.factory.support.AbstractAutowireCapableBeanFactory.createBean(Ljava/lang/String;Lorg/springframework/beans/factory/support/RootBeanDefinition;[Ljava/lang/Object;)Ljava/lang/Object;+169
j  org.springframework.beans.factory.support.AbstractBeanFactory.lambda$doGetBean$0(Ljava/lang/String;Lorg/springframework/beans/factory/support/RootBeanDefinition;[Ljava/lang/Object;)Ljava/lang/Object;+4
j  org.springframework.beans.factory.support.AbstractBeanFactory$$Lambda$179.getObject()Ljava/lang/Object;+16
j  org.springframework.beans.factory.support.DefaultSingletonBeanRegistry.getSingleton(Ljava/lang/String;Lorg/springframework/beans/factory/ObjectFactory;)Ljava/lang/Object;+132
J 2735 C1 org.springframework.beans.factory.support.AbstractBeanFactory.doGetBean(Ljava/lang/String;Ljava/lang/Class;[Ljava/lang/Object;Z)Ljava/lang/Object; (833 bytes) @ 0x0000000003c5e61c [0x0000000003c5e100+0x51c]
j  org.springframework.beans.factory.support.AbstractBeanFactory.getBean(Ljava/lang/String;)Ljava/lang/Object;+5
j  org.springframework.beans.factory.config.DependencyDescriptor.resolveCandidate(Ljava/lang/String;Ljava/lang/Class;Lorg/springframework/beans/factory/BeanFactory;)Ljava/lang/Object;+2
j  org.springframework.beans.factory.support.DefaultListableBeanFactory.doResolveDependency(Lorg/springframework/beans/factory/config/DependencyDescriptor;Ljava/lang/String;Ljava/util/Set;Lorg/springframework/beans/TypeConverter;)Ljava/lang/Object;+440
j  org.springframework.beans.factory.support.DefaultListableBeanFactory.resolveDependency(Lorg/springframework/beans/factory/config/DependencyDescriptor;Ljava/lang/String;Ljava/util/Set;Lorg/springframework/beans/TypeConverter;)Ljava/lang/Object;+108
j  org.springframework.beans.factory.support.ConstructorResolver.resolveAutowiredArgument(Lorg/springframework/core/MethodParameter;Ljava/lang/String;Ljava/util/Set;Lorg/springframework/beans/TypeConverter;Z)Ljava/lang/Object;+79
j  org.springframework.beans.factory.support.ConstructorResolver.createArgumentArray(Ljava/lang/String;Lorg/springframework/beans/factory/support/RootBeanDefinition;Lorg/springframework/beans/factory/config/ConstructorArgumentValues;Lorg/springframework/beans/BeanWrapper;[Ljava/lang/Class;[Ljava/lang/String;Ljava/lang/reflect/Executable;ZZ)Lorg/springframework/beans/factory/support/ConstructorResolver$ArgumentsHolder;+434
j  org.springframework.beans.factory.support.ConstructorResolver.autowireConstructor(Ljava/lang/String;Lorg/springframework/beans/factory/support/RootBeanDefinition;[Ljava/lang/reflect/Constructor;[Ljava/lang/Object;)Lorg/springframework/beans/BeanWrapper;+546
j  org.springframework.beans.factory.support.AbstractAutowireCapableBeanFactory.autowireConstructor(Ljava/lang/String;Lorg/springframework/beans/factory/support/RootBeanDefinition;[Ljava/lang/reflect/Constructor;[Ljava/lang/Object;)Lorg/springframework/beans/BeanWrapper;+13
j  org.springframework.beans.factory.support.AbstractAutowireCapableBeanFactory.createBeanInstance(Ljava/lang/String;Lorg/springframework/beans/factory/support/RootBeanDefinition;[Ljava/lang/Object;)Lorg/springframework/beans/BeanWrapper;+221
j  org.springframework.beans.factory.support.AbstractAutowireCapableBeanFactory.doCreateBean(Ljava/lang/String;Lorg/springframework/beans/factory/support/RootBeanDefinition;[Ljava/lang/Object;)Ljava/lang/Object;+34
j  org.springframework.beans.factory.support.AbstractAutowireCapableBeanFactory.createBean(Ljava/lang/String;Lorg/springframework/beans/factory/support/RootBeanDefinition;[Ljava/lang/Object;)Ljava/lang/Object;+169
j  org.springframework.beans.factory.support.AbstractBeanFactory.lambda$doGetBean$0(Ljava/lang/String;Lorg/springframework/beans/factory/support/RootBeanDefinition;[Ljava/lang/Object;)Ljava/lang/Object;+4
j  org.springframework.beans.factory.support.AbstractBeanFactory$$Lambda$179.getObject()Ljava/lang/Object;+16
j  org.springframework.beans.factory.support.DefaultSingletonBeanRegistry.getSingleton(Ljava/lang/String;Lorg/springframework/beans/factory/ObjectFactory;)Ljava/lang/Object;+132
J 2735 C1 org.springframework.beans.factory.support.AbstractBeanFactory.doGetBean(Ljava/lang/String;Ljava/lang/Class;[Ljava/lang/Object;Z)Ljava/lang/Object; (833 bytes) @ 0x0000000003c5e61c [0x0000000003c5e100+0x51c]
j  org.springframework.beans.factory.support.AbstractBeanFactory.getBean(Ljava/lang/String;)Ljava/lang/Object;+5
j  org.springframework.beans.factory.config.DependencyDescriptor.resolveCandidate(Ljava/lang/String;Ljava/lang/Class;Lorg/springframework/beans/factory/BeanFactory;)Ljava/lang/Object;+2
j  org.springframework.beans.factory.support.DefaultListableBeanFactory.doResolveDependency(Lorg/springframework/beans/factory/config/DependencyDescriptor;Ljava/lang/String;Ljava/util/Set;Lorg/springframework/beans/TypeConverter;)Ljava/lang/Object;+440
j  org.springframework.beans.factory.support.DefaultListableBeanFactory.resolveDependency(Lorg/springframework/beans/factory/config/DependencyDescriptor;Ljava/lang/String;Ljava/util/Set;Lorg/springframework/beans/TypeConverter;)Ljava/lang/Object;+108
j  org.springframework.beans.factory.support.ConstructorResolver.resolveAutowiredArgument(Lorg/springframework/core/MethodParameter;Ljava/lang/String;Ljava/util/Set;Lorg/springframework/beans/TypeConverter;Z)Ljava/lang/Object;+79
j  org.springframework.beans.factory.support.ConstructorResolver.createArgumentArray(Ljava/lang/String;Lorg/springframework/beans/factory/support/RootBeanDefinition;Lorg/springframework/beans/factory/config/ConstructorArgumentValues;Lorg/springframework/beans/BeanWrapper;[Ljava/lang/Class;[Ljava/lang/String;Ljava/lang/reflect/Executable;ZZ)Lorg/springframework/beans/factory/support/ConstructorResolver$ArgumentsHolder;+434
j  org.springframework.beans.factory.support.ConstructorResolver.autowireConstructor(Ljava/lang/String;Lorg/springframework/beans/factory/support/RootBeanDefinition;[Ljava/lang/reflect/Constructor;[Ljava/lang/Object;)Lorg/springframework/beans/BeanWrapper;+546
j  org.springframework.beans.factory.support.AbstractAutowireCapableBeanFactory.autowireConstructor(Ljava/lang/String;Lorg/springframework/beans/factory/support/RootBeanDefinition;[Ljava/lang/reflect/Constructor;[Ljava/lang/Object;)Lorg/springframework/beans/BeanWrapper;+13
j  org.springframework.beans.factory.support.AbstractAutowireCapableBeanFactory.createBeanInstance(Ljava/lang/String;Lorg/springframework/beans/factory/support/RootBeanDefinition;[Ljava/lang/Object;)Lorg/springframework/beans/BeanWrapper;+221
j  org.springframework.beans.factory.support.AbstractAutowireCapableBeanFactory.doCreateBean(Ljava/lang/String;Lorg/springframework/beans/factory/support/RootBeanDefinition;[Ljava/lang/Object;)Ljava/lang/Object;+34
j  org.springframework.beans.factory.support.AbstractAutowireCapableBeanFactory.createBean(Ljava/lang/String;Lorg/springframework/beans/factory/support/RootBeanDefinition;[Ljava/lang/Object;)Ljava/lang/Object;+169
j  org.springframework.beans.factory.support.AbstractBeanFactory.lambda$doGetBean$0(Ljava/lang/String;Lorg/springframework/beans/factory/support/RootBeanDefinition;[Ljava/lang/Object;)Ljava/lang/Object;+4
j  org.springframework.beans.factory.support.AbstractBeanFactory$$Lambda$179.getObject()Ljava/lang/Object;+16
j  org.springframework.beans.factory.support.DefaultSingletonBeanRegistry.getSingleton(Ljava/lang/String;Lorg/springframework/beans/factory/ObjectFactory;)Ljava/lang/Object;+132
J 2735 C1 org.springframework.beans.factory.support.AbstractBeanFactory.doGetBean(Ljava/lang/String;Ljava/lang/Class;[Ljava/lang/Object;Z)Ljava/lang/Object; (833 bytes) @ 0x0000000003c5e61c [0x0000000003c5e100+0x51c]
j  org.springframework.beans.factory.support.AbstractBeanFactory.getBean(Ljava/lang/String;)Ljava/lang/Object;+5
j  org.springframework.beans.factory.config.DependencyDescriptor.resolveCandidate(Ljava/lang/String;Ljava/lang/Class;Lorg/springframework/beans/factory/BeanFactory;)Ljava/lang/Object;+2
j  org.springframework.beans.factory.support.DefaultListableBeanFactory.doResolveDependency(Lorg/springframework/beans/factory/config/DependencyDescriptor;Ljava/lang/String;Ljava/util/Set;Lorg/springframework/beans/TypeConverter;)Ljava/lang/Object;+440
j  org.springframework.beans.factory.support.DefaultListableBeanFactory.resolveDependency(Lorg/springframework/beans/factory/config/DependencyDescriptor;Ljava/lang/String;Ljava/util/Set;Lorg/springframework/beans/TypeConverter;)Ljava/lang/Object;+108
j  org.springframework.beans.factory.support.ConstructorResolver.resolveAutowiredArgument(Lorg/springframework/core/MethodParameter;Ljava/lang/String;Ljava/util/Set;Lorg/springframework/beans/TypeConverter;Z)Ljava/lang/Object;+79
j  org.springframework.beans.factory.support.ConstructorResolver.createArgumentArray(Ljava/lang/String;Lorg/springframework/beans/factory/support/RootBeanDefinition;Lorg/springframework/beans/factory/config/ConstructorArgumentValues;Lorg/springframework/beans/BeanWrapper;[Ljava/lang/Class;[Ljava/lang/String;Ljava/lang/reflect/Executable;ZZ)Lorg/springframework/beans/factory/support/ConstructorResolver$ArgumentsHolder;+434
j  org.springframework.beans.factory.support.ConstructorResolver.autowireConstructor(Ljava/lang/String;Lorg/springframework/beans/factory/support/RootBeanDefinition;[Ljava/lang/reflect/Constructor;[Ljava/lang/Object;)Lorg/springframework/beans/BeanWrapper;+546
j  org.springframework.beans.factory.support.AbstractAutowireCapableBeanFactory.autowireConstructor(Ljava/lang/String;Lorg/springframework/beans/factory/support/RootBeanDefinition;[Ljava/lang/reflect/Constructor;[Ljava/lang/Object;)Lorg/springframework/beans/BeanWrapper;+13
j  org.springframework.beans.factory.support.AbstractAutowireCapableBeanFactory.createBeanInstance(Ljava/lang/String;Lorg/springframework/beans/factory/support/RootBeanDefinition;[Ljava/lang/Object;)Lorg/springframework/beans/BeanWrapper;+221
j  org.springframework.beans.factory.support.AbstractAutowireCapableBeanFactory.doCreateBean(Ljava/lang/String;Lorg/springframework/beans/factory/support/RootBeanDefinition;[Ljava/lang/Object;)Ljava/lang/Object;+34
j  org.springframework.beans.factory.support.AbstractAutowireCapableBeanFactory.createBean(Ljava/lang/String;Lorg/springframework/beans/factory/support/RootBeanDefinition;[Ljava/lang/Object;)Ljava/lang/Object;+169
j  org.springframework.beans.factory.support.AbstractBeanFactory.lambda$doGetBean$0(Ljava/lang/String;Lorg/springframework/beans/factory/support/RootBeanDefinition;[Ljava/lang/Object;)Ljava/lang/Object;+4
j  org.springframework.beans.factory.support.AbstractBeanFactory$$Lambda$179.getObject()Ljava/lang/Object;+16
j  org.springframework.beans.factory.support.DefaultSingletonBeanRegistry.getSingleton(Ljava/lang/String;Lorg/springframework/beans/factory/ObjectFactory;)Ljava/lang/Object;+132
J 2735 C1 org.springframework.beans.factory.support.AbstractBeanFactory.doGetBean(Ljava/lang/String;Ljava/lang/Class;[Ljava/lang/Object;Z)Ljava/lang/Object; (833 bytes) @ 0x0000000003c5e61c [0x0000000003c5e100+0x51c]
j  org.springframework.beans.factory.support.AbstractBeanFactory.getBean(Ljava/lang/String;)Ljava/lang/Object;+5
j  org.springframework.beans.factory.support.DefaultListableBeanFactory.preInstantiateSingletons()V+248
j  org.springframework.context.support.AbstractApplicationContext.finishBeanFactoryInitialization(Lorg/springframework/beans/factory/config/ConfigurableListableBeanFactory;)V+124
j  org.springframework.context.support.AbstractApplicationContext.refresh()V+54
j  org.springframework.boot.web.servlet.context.ServletWebServerApplicationContext.refresh()V+1
j  org.springframework.boot.SpringApplication.refresh(Lorg/springframework/context/ApplicationContext;)V+10
j  org.springframework.boot.SpringApplication.refreshContext(Lorg/springframework/context/ConfigurableApplicationContext;)V+2
j  org.springframework.boot.SpringApplication.run([Ljava/lang/String;)Lorg/springframework/context/ConfigurableApplicationContext;+118
j  org.springframework.boot.SpringApplication.run([Ljava/lang/Class;[Ljava/lang/String;)Lorg/springframework/context/ConfigurableApplicationContext;+9
j  org.springframework.boot.SpringApplication.run(Ljava/lang/Class;[Ljava/lang/String;)Lorg/springframework/context/ConfigurableApplicationContext;+9
j  cn.edu.bjtu.ebosrule.EbosRuleApplication.main([Ljava/lang/String;)V+3
v  ~StubRoutines::call_stub

---------------  P R O C E S S  ---------------

Java Threads: ( => current thread )
  0x000000001b14c800 JavaThread "RMI TCP Connection(3)-192.168.160.65" daemon [_thread_in_native, id=12556, stack(0x000000001f300000,0x000000001f400000)]
  0x000000001c494000 JavaThread "CleanCursors-1-thread-1" daemon [_thread_blocked, id=18476, stack(0x000000001f100000,0x000000001f200000)]
  0x000000001a66d800 JavaThread "cluster-ClusterId{value='605d43b9fe208274da322998', description='null'}-127.0.0.1:27017" daemon [_thread_blocked, id=14584, stack(0x000000001f000000,0x000000001f100000)]
  0x000000001d0be000 JavaThread "container-0" [_thread_blocked, id=20224, stack(0x000000001e900000,0x000000001ea00000)]
  0x000000001d050000 JavaThread "Catalina-utility-2" [_thread_blocked, id=20464, stack(0x000000001d650000,0x000000001d750000)]
  0x000000001d0b5000 JavaThread "Catalina-utility-1" [_thread_blocked, id=4832, stack(0x000000001d350000,0x000000001d450000)]
  0x000000001c66e000 JavaThread "Log4j2-TF-5-Scheduled-2" daemon [_thread_blocked, id=16688, stack(0x000000001dc00000,0x000000001dd00000)]
  0x000000001b39c800 JavaThread "RMI Scheduler(0)" daemon [_thread_blocked, id=13392, stack(0x000000001be80000,0x000000001bf80000)]
  0x000000001b32c000 JavaThread "RMI TCP Connection(2)-192.168.160.65" daemon [_thread_in_native, id=17268, stack(0x000000001bd80000,0x000000001be80000)]
  0x000000001b1ca800 JavaThread "RMI TCP Accept-0" daemon [_thread_in_native, id=20216, stack(0x000000001bb80000,0x000000001bc80000)]
  0x000000001a8ed000 JavaThread "Service Thread" daemon [_thread_blocked, id=15984, stack(0x000000001ba60000,0x000000001bb60000)]
  0x000000001aefe800 JavaThread "C1 CompilerThread3" daemon [_thread_in_native, id=18892, stack(0x000000001b960000,0x000000001ba60000)]
  0x000000001aefd800 JavaThread "C2 CompilerThread2" daemon [_thread_blocked, id=20016, stack(0x000000001b860000,0x000000001b960000)]
  0x000000001aefb000 JavaThread "C2 CompilerThread1" daemon [_thread_blocked, id=17692, stack(0x000000001b760000,0x000000001b860000)]
  0x000000001aef8000 JavaThread "C2 CompilerThread0" daemon [_thread_blocked, id=20328, stack(0x000000001b660000,0x000000001b760000)]
  0x000000001aef5800 JavaThread "Monitor Ctrl-Break" daemon [_thread_in_native, id=20436, stack(0x000000001b560000,0x000000001b660000)]
  0x000000001a588800 JavaThread "Attach Listener" daemon [_thread_blocked, id=15484, stack(0x000000001ac50000,0x000000001ad50000)]
  0x000000001a535000 JavaThread "Signal Dispatcher" daemon [_thread_blocked, id=18324, stack(0x000000001ab50000,0x000000001ac50000)]
  0x000000001a510800 JavaThread "Finalizer" daemon [_thread_blocked, id=12428, stack(0x000000001a9f0000,0x000000001aaf0000)]
  0x0000000018700000 JavaThread "Reference Handler" daemon [_thread_blocked, id=19824, stack(0x000000001a8f0000,0x000000001a9f0000)]
=>0x00000000034d2000 JavaThread "main" [_thread_in_vm, id=19900, stack(0x00000000033d0000,0x00000000034d0000)]

Other Threads:
  0x00000000186f8000 VMThread [stack: 0x000000001a3f0000,0x000000001a4f0000] [id=17780]
  0x000000001b1d7800 WatcherThread [stack: 0x000000001bc80000,0x000000001bd80000] [id=12412]

VM state:not at safepoint (normal execution)

VM Mutex/Monitor currently owned by a thread: None

heap address: 0x0000000081400000, size: 2028 MB, Compressed Oops mode: 32-bit
Narrow klass base: 0x0000000000000000, Narrow klass shift: 3
Compressed class space size: 1073741824 Address: 0x0000000100000000

Heap:
 PSYoungGen      total 113152K, used 89625K [0x00000000d5c00000, 0x00000000dd780000, 0x0000000100000000)
  eden space 103424K, 86% used [0x00000000d5c00000,0x00000000db386578,0x00000000dc100000)
  from space 9728K, 0% used [0x00000000dc100000,0x00000000dc100000,0x00000000dca80000)
  to   space 8704K, 0% used [0x00000000dca80000,0x00000000dca80000,0x00000000dd300000)
 ParOldGen       total 79360K, used 16398K [0x0000000081400000, 0x0000000086180000, 0x00000000d5c00000)
  object space 79360K, 20% used [0x0000000081400000,0x0000000082403920,0x0000000086180000)
 Metaspace       used 41107K, capacity 43634K, committed 43776K, reserved 1091584K
  class space    used 5648K, capacity 6090K, committed 6144K, reserved 1048576K

Card table byte_map: [0x0000000012ad0000,0x0000000012ed0000] byte_map_base: 0x00000000126c6000

Marking Bits: (ParMarkBitMap*) 0x0000000057a3af90
 Begin Bits: [0x0000000013980000, 0x0000000015930000)
 End Bits:   [0x0000000015930000, 0x00000000178e0000)

Polling page: 0x0000000001740000

CodeCache: size=245760Kb used=7640Kb max_used=7640Kb free=238119Kb
 bounds [0x0000000003710000, 0x0000000003e90000, 0x0000000012710000]
 total_blobs=4371 nmethods=3875 adapters=407
 compilation: enabled

Compilation events (10 events):
Event: 13.258 Thread 0x000000001aefe800 nmethod 3899 0x0000000003e854d0 code [0x0000000003e85640, 0x0000000003e857e8]
Event: 13.258 Thread 0x000000001aefe800 3900       1       org.apache.logging.log4j.core.Logger$PrivateConfig::<init> (67 bytes)
Event: 13.258 Thread 0x000000001aefe800 nmethod 3900 0x0000000003e85890 code [0x0000000003e85a20, 0x0000000003e85cc8]
Event: 13.258 Thread 0x000000001aefe800 3901       1       org.apache.logging.log4j.core.config.LoggerConfig::getLevel (35 bytes)
Event: 13.258 Thread 0x000000001aefe800 nmethod 3901 0x0000000003e85f10 code [0x0000000003e86080, 0x0000000003e86208]
Event: 13.258 Thread 0x000000001aefe800 3896       1       org.springframework.beans.factory.support.AbstractBeanFactory::getCustomTypeConverter (5 bytes)
Event: 13.258 Thread 0x000000001aefe800 nmethod 3896 0x0000000003e862d0 code [0x0000000003e86420, 0x0000000003e86530]
Event: 13.259 Thread 0x000000001aefe800 3902       1       org.springframework.beans.factory.support.AbstractBeanFactory::hasDestructionAwareBeanPostProcessors (5 bytes)
Event: 13.259 Thread 0x000000001aefe800 nmethod 3902 0x0000000003e86590 code [0x0000000003e866e0, 0x0000000003e867f0]
Event: 13.261 Thread 0x000000001aefe800 3903       1       org.springframework.asm.ClassReader::readCode (5085 bytes)

GC Heap History (10 events):
Event: 8.184 GC heap before
{Heap before GC invocations=7 (full 1):
 PSYoungGen      total 38400K, used 33280K [0x00000000d5c00000, 0x00000000daf00000, 0x0000000100000000)
  eden space 33280K, 100% used [0x00000000d5c00000,0x00000000d7c80000,0x00000000d7c80000)
  from space 5120K, 0% used [0x00000000d7c80000,0x00000000d7c80000,0x00000000d8180000)
  to   space 9216K, 0% used [0x00000000da600000,0x00000000da600000,0x00000000daf00000)
 ParOldGen       total 50176K, used 7080K [0x0000000081400000, 0x0000000084500000, 0x00000000d5c00000)
  object space 50176K, 14% used [0x0000000081400000,0x0000000081aea3f0,0x0000000084500000)
 Metaspace       used 24096K, capacity 24896K, committed 24960K, reserved 1071104K
  class space    used 3224K, capacity 3430K, committed 3456K, reserved 1048576K
Event: 8.189 GC heap after
Heap after GC invocations=7 (full 1):
 PSYoungGen      total 63488K, used 4088K [0x00000000d5c00000, 0x00000000daa00000, 0x0000000100000000)
  eden space 59392K, 0% used [0x00000000d5c00000,0x00000000d5c00000,0x00000000d9600000)
  from space 4096K, 99% used [0x00000000da600000,0x00000000da9fe138,0x00000000daa00000)
  to   space 9216K, 0% used [0x00000000d9800000,0x00000000d9800000,0x00000000da100000)
 ParOldGen       total 50176K, used 7088K [0x0000000081400000, 0x0000000084500000, 0x00000000d5c00000)
  object space 50176K, 14% used [0x0000000081400000,0x0000000081aec3f0,0x0000000084500000)
 Metaspace       used 24096K, capacity 24896K, committed 24960K, reserved 1071104K
  class space    used 3224K, capacity 3430K, committed 3456K, reserved 1048576K
}
Event: 9.290 GC heap before
{Heap before GC invocations=8 (full 1):
 PSYoungGen      total 63488K, used 63480K [0x00000000d5c00000, 0x00000000daa00000, 0x0000000100000000)
  eden space 59392K, 100% used [0x00000000d5c00000,0x00000000d9600000,0x00000000d9600000)
  from space 4096K, 99% used [0x00000000da600000,0x00000000da9fe138,0x00000000daa00000)
  to   space 9216K, 0% used [0x00000000d9800000,0x00000000d9800000,0x00000000da100000)
 ParOldGen       total 50176K, used 7088K [0x0000000081400000, 0x0000000084500000, 0x00000000d5c00000)
  object space 50176K, 14% used [0x0000000081400000,0x0000000081aec3f0,0x0000000084500000)
 Metaspace       used 25483K, capacity 26362K, committed 26496K, reserved 1073152K
  class space    used 3428K, capacity 3653K, committed 3712K, reserved 1048576K
Event: 9.299 GC heap after
Heap after GC invocations=8 (full 1):
 PSYoungGen      total 70656K, used 6321K [0x00000000d5c00000, 0x00000000dd300000, 0x0000000100000000)
  eden space 61440K, 0% used [0x00000000d5c00000,0x00000000d5c00000,0x00000000d9800000)
  from space 9216K, 68% used [0x00000000d9800000,0x00000000d9e2c500,0x00000000da100000)
  to   space 8704K, 0% used [0x00000000dca80000,0x00000000dca80000,0x00000000dd300000)
 ParOldGen       total 50176K, used 7096K [0x0000000081400000, 0x0000000084500000, 0x00000000d5c00000)
  object space 50176K, 14% used [0x0000000081400000,0x0000000081aee3f0,0x0000000084500000)
 Metaspace       used 25483K, capacity 26362K, committed 26496K, reserved 1073152K
  class space    used 3428K, capacity 3653K, committed 3712K, reserved 1048576K
}
Event: 10.331 GC heap before
{Heap before GC invocations=9 (full 1):
 PSYoungGen      total 70656K, used 67761K [0x00000000d5c00000, 0x00000000dd300000, 0x0000000100000000)
  eden space 61440K, 100% used [0x00000000d5c00000,0x00000000d9800000,0x00000000d9800000)
  from space 9216K, 68% used [0x00000000d9800000,0x00000000d9e2c500,0x00000000da100000)
  to   space 8704K, 0% used [0x00000000dca80000,0x00000000dca80000,0x00000000dd300000)
 ParOldGen       total 50176K, used 7096K [0x0000000081400000, 0x0000000084500000, 0x00000000d5c00000)
  object space 50176K, 14% used [0x0000000081400000,0x0000000081aee3f0,0x0000000084500000)
 Metaspace       used 28698K, capacity 29888K, committed 30080K, reserved 1075200K
  class space    used 3915K, capacity 4178K, committed 4224K, reserved 1048576K
Event: 10.339 GC heap after
Heap after GC invocations=9 (full 1):
 PSYoungGen      total 112128K, used 8584K [0x00000000d5c00000, 0x00000000dd780000, 0x0000000100000000)
  eden space 103424K, 0% used [0x00000000d5c00000,0x00000000d5c00000,0x00000000dc100000)
  from space 8704K, 98% used [0x00000000dca80000,0x00000000dd2e22e8,0x00000000dd300000)
  to   space 9728K, 0% used [0x00000000dc100000,0x00000000dc100000,0x00000000dca80000)
 ParOldGen       total 50176K, used 7104K [0x0000000081400000, 0x0000000084500000, 0x00000000d5c00000)
  object space 50176K, 14% used [0x0000000081400000,0x0000000081af03f0,0x0000000084500000)
 Metaspace       used 28698K, capacity 29888K, committed 30080K, reserved 1075200K
  class space    used 3915K, capacity 4178K, committed 4224K, reserved 1048576K
}
Event: 11.301 GC heap before
{Heap before GC invocations=10 (full 1):
 PSYoungGen      total 112128K, used 89621K [0x00000000d5c00000, 0x00000000dd780000, 0x0000000100000000)
  eden space 103424K, 78% used [0x00000000d5c00000,0x00000000dab23160,0x00000000dc100000)
  from space 8704K, 98% used [0x00000000dca80000,0x00000000dd2e22e8,0x00000000dd300000)
  to   space 9728K, 0% used [0x00000000dc100000,0x00000000dc100000,0x00000000dca80000)
 ParOldGen       total 50176K, used 7104K [0x0000000081400000, 0x0000000084500000, 0x00000000d5c00000)
  object space 50176K, 14% used [0x0000000081400000,0x0000000081af03f0,0x0000000084500000)
 Metaspace       used 33562K, capacity 35310K, committed 35456K, reserved 1079296K
  class space    used 4534K, capacity 4901K, committed 4992K, reserved 1048576K
Event: 11.312 GC heap after
Heap after GC invocations=10 (full 1):
 PSYoungGen      total 113152K, used 9719K [0x00000000d5c00000, 0x00000000dd780000, 0x0000000100000000)
  eden space 103424K, 0% used [0x00000000d5c00000,0x00000000d5c00000,0x00000000dc100000)
  from space 9728K, 99% used [0x00000000dc100000,0x00000000dca7dd88,0x00000000dca80000)
  to   space 8704K, 0% used [0x00000000dca80000,0x00000000dca80000,0x00000000dd300000)
 ParOldGen       total 50176K, used 8714K [0x0000000081400000, 0x0000000084500000, 0x00000000d5c00000)
  object space 50176K, 17% used [0x0000000081400000,0x0000000081c82ad0,0x0000000084500000)
 Metaspace       used 33562K, capacity 35310K, committed 35456K, reserved 1079296K
  class space    used 4534K, capacity 4901K, committed 4992K, reserved 1048576K
}
Event: 11.312 GC heap before
{Heap before GC invocations=11 (full 2):
 PSYoungGen      total 113152K, used 9719K [0x00000000d5c00000, 0x00000000dd780000, 0x0000000100000000)
  eden space 103424K, 0% used [0x00000000d5c00000,0x00000000d5c00000,0x00000000dc100000)
  from space 9728K, 99% used [0x00000000dc100000,0x00000000dca7dd88,0x00000000dca80000)
  to   space 8704K, 0% used [0x00000000dca80000,0x00000000dca80000,0x00000000dd300000)
 ParOldGen       total 50176K, used 8714K [0x0000000081400000, 0x0000000084500000, 0x00000000d5c00000)
  object space 50176K, 17% used [0x0000000081400000,0x0000000081c82ad0,0x0000000084500000)
 Metaspace       used 33562K, capacity 35310K, committed 35456K, reserved 1079296K
  class space    used 4534K, capacity 4901K, committed 4992K, reserved 1048576K
Event: 11.378 GC heap after
Heap after GC invocations=11 (full 2):
 PSYoungGen      total 113152K, used 0K [0x00000000d5c00000, 0x00000000dd780000, 0x0000000100000000)
  eden space 103424K, 0% used [0x00000000d5c00000,0x00000000d5c00000,0x00000000dc100000)
  from space 9728K, 0% used [0x00000000dc100000,0x00000000dc100000,0x00000000dca80000)
  to   space 8704K, 0% used [0x00000000dca80000,0x00000000dca80000,0x00000000dd300000)
 ParOldGen       total 79360K, used 16398K [0x0000000081400000, 0x0000000086180000, 0x00000000d5c00000)
  object space 79360K, 20% used [0x0000000081400000,0x0000000082403920,0x0000000086180000)
 Metaspace       used 33562K, capacity 35310K, committed 35456K, reserved 1079296K
  class space    used 4534K, capacity 4901K, committed 4992K, reserved 1048576K
}

Deoptimization events (0 events):
No events

Classes redefined (0 events):
No events

Internal exceptions (10 events):
Event: 13.152 Thread 0x00000000034d2000 Exception <a 'java/lang/ArrayIndexOutOfBoundsException'> (0x00000000daa16688) thrown at [C:\jenkins\workspace\8-2-build-windows-amd64-cygwin\jdk8u251\737\hotspot\src\share\vm\runtime\sharedRuntime.cpp, line 605]
Event: 13.152 Thread 0x00000000034d2000 Exception <a 'java/lang/ArrayIndexOutOfBoundsException'> (0x00000000daa18130) thrown at [C:\jenkins\workspace\8-2-build-windows-amd64-cygwin\jdk8u251\737\hotspot\src\share\vm\runtime\sharedRuntime.cpp, line 605]
Event: 13.153 Thread 0x00000000034d2000 Exception <a 'java/lang/ClassNotFoundException': org/springframework/context/ApplicationContextAwareCustomizer> (0x00000000daa38578) thrown at [C:\jenkins\workspace\8-2-build-windows-amd64-cygwin\jdk8u251\737\hotspot\src\share\vm\classfile\systemDictionar
Event: 13.153 Thread 0x00000000034d2000 Exception <a 'java/lang/ClassNotFoundException': org/springframework/beans/factory/AwareCustomizer> (0x00000000daa53178) thrown at [C:\jenkins\workspace\8-2-build-windows-amd64-cygwin\jdk8u251\737\hotspot\src\share\vm\classfile\systemDictionary.cpp, line 
Event: 13.154 Thread 0x00000000034d2000 Exception <a 'java/lang/ClassNotFoundException': org/springframework/context/ApplicationListenerCustomizer> (0x00000000daa6f0b0) thrown at [C:\jenkins\workspace\8-2-build-windows-amd64-cygwin\jdk8u251\737\hotspot\src\share\vm\classfile\systemDictionary.cp
Event: 13.154 Thread 0x00000000034d2000 Exception <a 'java/lang/ArrayIndexOutOfBoundsException'> (0x00000000daa6fbf0) thrown at [C:\jenkins\workspace\8-2-build-windows-amd64-cygwin\jdk8u251\737\hotspot\src\share\vm\runtime\sharedRuntime.cpp, line 605]
Event: 13.154 Thread 0x00000000034d2000 Exception <a 'java/lang/ClassNotFoundException': java/util/EventListenerCustomizer> (0x00000000daa7aca8) thrown at [C:\jenkins\workspace\8-2-build-windows-amd64-cygwin\jdk8u251\737\hotspot\src\share\vm\classfile\systemDictionary.cpp, line 210]
Event: 13.154 Thread 0x00000000034d2000 Exception <a 'java/lang/ClassNotFoundException': org/springframework/beans/factory/InitializingBeanCustomizer> (0x00000000daa98030) thrown at [C:\jenkins\workspace\8-2-build-windows-amd64-cygwin\jdk8u251\737\hotspot\src\share\vm\classfile\systemDictionary
Event: 13.251 Thread 0x00000000034d2000 Exception <a 'java/lang/ArrayIndexOutOfBoundsException'> (0x00000000db1e4aa0) thrown at [C:\jenkins\workspace\8-2-build-windows-amd64-cygwin\jdk8u251\737\hotspot\src\share\vm\runtime\sharedRuntime.cpp, line 605]
Event: 13.256 Thread 0x00000000034d2000 Exception <a 'java/lang/ArrayIndexOutOfBoundsException'> (0x00000000db22bbf8) thrown at [C:\jenkins\workspace\8-2-build-windows-amd64-cygwin\jdk8u251\737\hotspot\src\share\vm\runtime\sharedRuntime.cpp, line 605]

Events (10 events):
Event: 13.263 loading class springfox/documentation/schema/CachingModelDependencyProvider$1
Event: 13.263 loading class springfox/documentation/schema/CachingModelDependencyProvider$1 done
Event: 13.264 loading class org/slf4j/ext/EventData
Event: 13.264 loading class org/slf4j/ext/EventData done
Event: 13.264 loading class org/slf4j/ext/EventData
Event: 13.264 loading class org/slf4j/ext/EventData done
Event: 13.265 loading class org/slf4j/ext/EventData
Event: 13.265 loading class org/slf4j/ext/EventData done
Event: 13.265 loading class org/slf4j/ext/EventData
Event: 13.265 loading class org/slf4j/ext/EventData done


Dynamic libraries:
0x00007ff6ccee0000 - 0x00007ff6ccf17000 	C:\Program Files\Java\jdk1.8.0_251\bin\java.exe
0x00007ff86f460000 - 0x00007ff86f650000 	C:\WINDOWS\SYSTEM32\ntdll.dll
0x00007ff86dc00000 - 0x00007ff86dcb2000 	C:\WINDOWS\System32\KERNEL32.DLL
0x00007ff86c9f0000 - 0x00007ff86cc93000 	C:\WINDOWS\System32\KERNELBASE.dll
0x00007ff86e500000 - 0x00007ff86e5a3000 	C:\WINDOWS\System32\ADVAPI32.dll
0x00007ff86e730000 - 0x00007ff86e7ce000 	C:\WINDOWS\System32\msvcrt.dll
0x00007ff86efd0000 - 0x00007ff86f067000 	C:\WINDOWS\System32\sechost.dll
0x00007ff86f070000 - 0x00007ff86f190000 	C:\WINDOWS\System32\RPCRT4.dll
0x00007ff86f1b0000 - 0x00007ff86f344000 	C:\WINDOWS\System32\USER32.dll
0x00007ff86d4c0000 - 0x00007ff86d4e1000 	C:\WINDOWS\System32\win32u.dll
0x00007ff86efa0000 - 0x00007ff86efc6000 	C:\WINDOWS\System32\GDI32.dll
0x00007ff86c3f0000 - 0x00007ff86c584000 	C:\WINDOWS\System32\gdi32full.dll
0x00007ff86cca0000 - 0x00007ff86cd3e000 	C:\WINDOWS\System32\msvcp_win.dll
0x00007ff86c8f0000 - 0x00007ff86c9ea000 	C:\WINDOWS\System32\ucrtbase.dll
0x00007ff85cbc0000 - 0x00007ff85ce45000 	C:\WINDOWS\WinSxS\amd64_microsoft.windows.common-controls_6595b64144ccf1df_6.0.18362.418_none_e6c6b287130d565d\COMCTL32.dll
0x00007ff86dd40000 - 0x00007ff86e076000 	C:\WINDOWS\System32\combase.dll
0x00007ff86c6d0000 - 0x00007ff86c750000 	C:\WINDOWS\System32\bcryptPrimitives.dll
0x00007ff86e5b0000 - 0x00007ff86e5de000 	C:\WINDOWS\System32\IMM32.DLL
0x0000000057e90000 - 0x0000000057f62000 	C:\Program Files\Java\jdk1.8.0_251\jre\bin\msvcr100.dll
0x0000000057210000 - 0x0000000057abb000 	C:\Program Files\Java\jdk1.8.0_251\jre\bin\server\jvm.dll
0x00007ff86e720000 - 0x00007ff86e728000 	C:\WINDOWS\System32\PSAPI.DLL
0x00007ff86a2e0000 - 0x00007ff86a304000 	C:\WINDOWS\SYSTEM32\WINMM.dll
0x00007ff866660000 - 0x00007ff86666a000 	C:\WINDOWS\SYSTEM32\VERSION.dll
0x00007ff865ca0000 - 0x00007ff865ca9000 	C:\WINDOWS\SYSTEM32\WSOCK32.dll
0x00007ff86ef30000 - 0x00007ff86ef9f000 	C:\WINDOWS\System32\WS2_32.dll
0x00007ff869e60000 - 0x00007ff869e8d000 	C:\WINDOWS\SYSTEM32\winmmbase.dll
0x00007ff86c8a0000 - 0x00007ff86c8ea000 	C:\WINDOWS\System32\cfgmgr32.dll
0x00007ff868bc0000 - 0x00007ff868bcf000 	C:\Program Files\Java\jdk1.8.0_251\jre\bin\verify.dll
0x00007ff867a20000 - 0x00007ff867a49000 	C:\Program Files\Java\jdk1.8.0_251\jre\bin\java.dll
0x00007ff84f3e0000 - 0x00007ff84f403000 	C:\Program Files\Java\jdk1.8.0_251\jre\bin\instrument.dll
0x00007ff857bd0000 - 0x00007ff857be6000 	C:\Program Files\Java\jdk1.8.0_251\jre\bin\zip.dll
0x00007ff86d510000 - 0x00007ff86dbf5000 	C:\WINDOWS\System32\SHELL32.dll
0x00007ff86e850000 - 0x00007ff86e8f9000 	C:\WINDOWS\System32\shcore.dll
0x00007ff86cd40000 - 0x00007ff86d4bf000 	C:\WINDOWS\System32\windows.storage.dll
0x00007ff86c360000 - 0x00007ff86c37f000 	C:\WINDOWS\System32\profapi.dll
0x00007ff86c3a0000 - 0x00007ff86c3ea000 	C:\WINDOWS\System32\powrprof.dll
0x00007ff86c330000 - 0x00007ff86c340000 	C:\WINDOWS\System32\UMPDC.dll
0x00007ff86e5e0000 - 0x00007ff86e632000 	C:\WINDOWS\System32\shlwapi.dll
0x00007ff86c380000 - 0x00007ff86c391000 	C:\WINDOWS\System32\kernel.appcore.dll
0x00007ff86d4f0000 - 0x00007ff86d507000 	C:\WINDOWS\System32\cryptsp.dll
0x00007ff84f120000 - 0x00007ff84f13a000 	F:\idea\IntelliJ IDEA 2020.1.2\bin\breakgen64.dll
0x00007ff857b90000 - 0x00007ff857baa000 	C:\Program Files\Java\jdk1.8.0_251\jre\bin\net.dll
0x00007ff86bba0000 - 0x00007ff86bc07000 	C:\WINDOWS\system32\mswsock.dll
0x00007ff86b8f0000 - 0x00007ff86b9ba000 	C:\WINDOWS\SYSTEM32\DNSAPI.dll
0x00007ff86dd30000 - 0x00007ff86dd38000 	C:\WINDOWS\System32\NSI.dll
0x00007ff86b8b0000 - 0x00007ff86b8ea000 	C:\WINDOWS\SYSTEM32\IPHLPAPI.DLL
0x00007ff85f070000 - 0x00007ff85f07a000 	C:\Windows\System32\rasadhlp.dll
0x00007ff863120000 - 0x00007ff863197000 	C:\WINDOWS\System32\fwpuclnt.dll
0x00007ff86c590000 - 0x00007ff86c5b6000 	C:\WINDOWS\System32\bcrypt.dll
0x00007ff868bb0000 - 0x00007ff868bbd000 	C:\Program Files\Java\jdk1.8.0_251\jre\bin\management.dll
0x00007ff855d60000 - 0x00007ff855d72000 	C:\Program Files\Java\jdk1.8.0_251\jre\bin\nio.dll
0x00007ff86b710000 - 0x00007ff86b743000 	C:\WINDOWS\system32\rsaenh.dll
0x00007ff86c250000 - 0x00007ff86c275000 	C:\WINDOWS\SYSTEM32\USERENV.dll
0x00007ff86bd70000 - 0x00007ff86bd7c000 	C:\WINDOWS\SYSTEM32\CRYPTBASE.dll
0x00007ff863a10000 - 0x00007ff863a26000 	C:\WINDOWS\SYSTEM32\dhcpcsvc6.DLL
0x00007ff863f30000 - 0x00007ff863f4c000 	C:\WINDOWS\SYSTEM32\dhcpcsvc.DLL
0x00007ff858e00000 - 0x00007ff858e16000 	C:\WINDOWS\system32\napinsp.dll
0x00007ff857840000 - 0x00007ff85785a000 	C:\WINDOWS\system32\pnrpnsp.dll
0x00007ff857740000 - 0x00007ff85774e000 	C:\WINDOWS\System32\winrnr.dll
0x00007ff868b90000 - 0x00007ff868bac000 	C:\WINDOWS\system32\NLAapi.dll
0x00007ff867900000 - 0x00007ff867915000 	C:\WINDOWS\system32\wshbth.dll
0x00007ff84ee60000 - 0x00007ff84ee84000 	C:\Program Files\Java\jdk1.8.0_251\jre\bin\sunec.dll

VM Arguments:
jvm_args: -XX:TieredStopAtLevel=1 -Xverify:none -Dspring.output.ansi.enabled=always -Dcom.sun.management.jmxremote -Dspring.jmx.enabled=true -Dspring.liveBeansView.mbeanDomain -Dspring.application.admin.enabled=true -javaagent:F:\idea\IntelliJ IDEA 2020.1.2\lib\idea_rt.jar=51002:F:\idea\IntelliJ IDEA 2020.1.2\bin -Dfile.encoding=UTF-8 
java_command: cn.edu.bjtu.ebosrule.EbosRuleApplication
java_class_path (initial): C:\Program Files\Java\jdk1.8.0_251\jre\lib\charsets.jar;C:\Program Files\Java\jdk1.8.0_251\jre\lib\deploy.jar;C:\Program Files\Java\jdk1.8.0_251\jre\lib\ext\access-bridge-64.jar;C:\Program Files\Java\jdk1.8.0_251\jre\lib\ext\cldrdata.jar;C:\Program Files\Java\jdk1.8.0_251\jre\lib\ext\dnsns.jar;C:\Program Files\Java\jdk1.8.0_251\jre\lib\ext\jaccess.jar;C:\Program Files\Java\jdk1.8.0_251\jre\lib\ext\jfxrt.jar;C:\Program Files\Java\jdk1.8.0_251\jre\lib\ext\localedata.jar;C:\Program Files\Java\jdk1.8.0_251\jre\lib\ext\nashorn.jar;C:\Program Files\Java\jdk1.8.0_251\jre\lib\ext\sunec.jar;C:\Program Files\Java\jdk1.8.0_251\jre\lib\ext\sunjce_provider.jar;C:\Program Files\Java\jdk1.8.0_251\jre\lib\ext\sunmscapi.jar;C:\Program Files\Java\jdk1.8.0_251\jre\lib\ext\sunpkcs11.jar;C:\Program Files\Java\jdk1.8.0_251\jre\lib\ext\zipfs.jar;C:\Program Files\Java\jdk1.8.0_251\jre\lib\javaws.jar;C:\Program Files\Java\jdk1.8.0_251\jre\lib\jce.jar;C:\Program Files\Java\jdk1.8.0_251\jre\lib\jfr.jar;C:\Program Files\Java\jdk1.8.0_251\jre\lib\jfxswt.jar;C:\Program Files\Java\jdk1.8.0_251\jre\lib\jsse.jar;C:\Program Files\Java\jdk1.8.0_251\jre\lib\management-agent.jar;C:\Program Files\Java\jdk1.8.0_251\jre\lib\plugin.jar;C:\Program Files\Java\jdk1.8.0_251\jre\lib\resources.jar;C:\Program Files\Java\jdk1.8.0_251\jre\lib\rt.jar;D:\ebos\ebos-rule\target\classes;F:\java_maven\apache-maven-3.3.9\maven\repository\org\springframework\boot\spring-boot-starter-activemq\2.2.2.RELEASE\spring-boot-starter-activemq-2.2.2.RELEASE.jar;F:\java_maven\apache-maven-3.3.9\maven\repository\org\springframework\boot\spring-boot-starter\2.2.2.RELEASE\spring-boot-starter-2.2.2.RELEASE.jar;F:\java_maven\apache-maven-3.3.9\maven\repository\org\springframework\boot\spring-boot\2.2.2.RELEASE\spring-boot-2.2.2.RELEASE.jar;F:\java_maven\apache-maven-3.3.9\maven\repository\org\springframework\boot\spring-boot-autoconfigure\2.2.2.RELEASE\spring-boot-autoconfigure-2.2.2.RELEASE.jar;F:\java_maven\
Launcher Type: SUN_STANDARD

Environment Variables:
JAVA_HOME=C:\Program Files\Java\jdk1.8.0_251
CLASSPATH=.;C:\Program Files\Java\jdk1.8.0_251\lib\dt.jar;C:\Program Files\Java\jdk1.8.0_251\lib\tools.jar
USERNAME=And_LZN
OS=Windows_NT
PROCESSOR_IDENTIFIER=Intel64 Family 6 Model 94 Stepping 3, GenuineIntel



---------------  S Y S T E M  ---------------

OS: Windows 10.0 , 64 bit Build 18362 (10.0.18362.329)

CPU:total 8 (initial active 8) (4 cores per cpu, 2 threads per core) family 6 model 94 stepping 3, cmov, cx8, fxsr, mmx, sse, sse2, sse3, ssse3, sse4.1, sse4.2, popcnt, avx, avx2, aes, clmul, erms, rtm, 3dnowpref, lzcnt, ht, tsc, tscinvbit, bmi1, bmi2, adx

Memory: 4k page, physical 8299300k(341752k free), swap 19425824k(4148k free)

vm_info: Java HotSpot(TM) 64-Bit Server VM (25.251-b08) for windows-amd64 JRE (1.8.0_251-b08), built on Mar 12 2020 06:31:49 by "" with MS VC++ 10.0 (VS2010)

time: Fri Mar 26 10:15:22 2021
timezone: 中国标准时间
elapsed time: 13 seconds (0d 0h 0m 13s)

